<?xml version="1.0" encoding="UTF-8"?>
<!-- Generated by org.testng.reporters.JUnitReportReporter -->
<testsuite skipped="0" hostname="Saddamjit" name="com.packages.student.ProfessorHardcodedVals" tests="1" failures="0" timestamp="11 Mar 2019 15:24:37 GMT" time="3.584" errors="0">
  <testcase name="TC_Regression_126" time="3.584" classname="com.packages.student.ProfessorHardcodedVals"/>
</testsuite> <!-- com.packages.student.ProfessorHardcodedVals -->
