<?xml version="1.0" encoding="UTF-8"?>
<!-- Generated by org.testng.reporters.JUnitReportReporter -->
<testsuite skipped="0" hostname="Harinder-PC" name="com.packages.student.Student_c" tests="1" failures="0" timestamp="23 Dec 2018 05:38:53 GMT" time="5.222" errors="0">
  <testcase name="TC_Regression_001" time="5.222" classname="com.packages.student.Student_c"/>
</testsuite> <!-- com.packages.student.Student_c -->
