<?xml version="1.0" encoding="UTF-8"?>
<!-- Generated by org.testng.reporters.JUnitReportReporter -->
<testsuite skipped="1" hostname="Saddamjit" name="com.packages.student.AssignmentTest" tests="2" failures="0" timestamp="16 Mar 2019 02:50:39 GMT" time="59.639" errors="0">
  <testcase name="TestCase2" time="59.639" classname="com.packages.student.AssignmentTest"/>
  <testcase name="TestCase1" classname="com.packages.student.AssignmentTest">
    <skipped/>
  </testcase> <!-- TestCase1 -->
</testsuite> <!-- com.packages.student.AssignmentTest -->
